SF:lib\game\components\enemy\enemy_spawner.dart
DA:30,1
DA:38,1
DA:41,1
DA:47,1
DA:49,1
DA:52,0
DA:56,1
DA:58,0
DA:62,2
DA:63,1
DA:64,1
DA:69,1
DA:70,2
DA:71,5
DA:72,1
DA:73,1
DA:76,2
DA:77,0
DA:81,0
DA:83,0
DA:85,0
DA:86,0
DA:89,0
DA:98,1
DA:99,1
DA:100,1
DA:102,0
DA:107,1
DA:108,1
DA:111,1
DA:113,1
DA:116,2
DA:118,0
DA:119,0
DA:121,0
DA:123,2
DA:124,3
DA:125,1
DA:130,1
DA:131,2
DA:133,0
DA:135,0
DA:136,0
DA:137,0
DA:138,0
DA:140,0
DA:141,0
DA:145,2
DA:146,1
DA:147,2
DA:152,1
DA:155,1
DA:156,2
DA:158,0
DA:159,0
DA:161,0
DA:162,0
DA:164,0
DA:165,0
DA:167,0
DA:168,0
DA:171,0
DA:174,2
LF:63
LH:35
end_of_record
SF:lib\game\components\enemy\types\worker_ant.dart
DA:5,1
DA:6,1
DA:12,1
DA:14,2
LF:4
LH:4
end_of_record
SF:lib\game\components\game_state.dart
DA:18,0
DA:19,0
DA:22,0
DA:23,0
DA:24,0
DA:27,0
DA:33,0
DA:34,0
DA:35,0
DA:36,0
DA:37,0
DA:41,0
DA:45,0
DA:49,1
DA:50,2
DA:53,0
DA:55,0
DA:56,0
DA:57,0
DA:61,0
LF:20
LH:2
end_of_record
SF:lib\game\gameplay.dart
DA:26,0
DA:29,0
DA:30,0
DA:31,0
DA:33,0
DA:35,0
DA:36,0
DA:38,0
DA:39,0
DA:41,0
DA:46,0
DA:47,0
DA:49,0
DA:50,0
DA:52,0
DA:55,1
DA:57,1
DA:58,2
DA:59,1
LF:19
LH:4
end_of_record
SF:lib\game\components\abilities\abilities_imp\canto_abilita.dart
DA:22,0
DA:24,0
DA:27,0
DA:29,0
DA:30,0
DA:31,0
DA:32,0
DA:33,0
DA:34,0
DA:39,0
DA:40,0
DA:42,0
DA:45,0
DA:46,0
DA:47,0
DA:48,0
DA:49,0
DA:51,0
DA:53,0
DA:54,0
DA:56,0
DA:59,0
DA:62,0
DA:63,0
DA:65,0
DA:66,0
DA:67,0
DA:68,0
LF:28
LH:0
end_of_record
SF:lib\game\components\towers\baseTower.dart
DA:46,2
DA:66,4
DA:67,2
DA:70,0
DA:73,0
DA:74,0
DA:75,0
DA:78,0
DA:80,0
DA:81,0
DA:82,0
DA:83,0
DA:84,0
DA:86,0
DA:87,0
DA:89,0
DA:90,0
DA:91,0
DA:92,0
DA:93,0
DA:94,0
DA:96,0
DA:97,0
DA:99,0
DA:100,0
DA:101,0
DA:103,0
DA:107,0
DA:109,0
DA:111,0
DA:112,0
DA:114,0
DA:115,0
DA:116,0
DA:117,0
DA:118,0
DA:120,0
DA:121,0
DA:125,0
DA:127,0
DA:128,0
DA:130,0
DA:131,0
DA:132,0
DA:137,1
DA:138,1
DA:139,1
DA:140,0
DA:141,1
DA:142,0
DA:143,0
DA:146,1
DA:147,5
DA:151,0
DA:152,0
DA:155,0
DA:157,0
DA:158,0
DA:161,0
DA:163,0
DA:164,0
DA:167,0
DA:168,0
DA:169,0
DA:176,1
DA:177,2
DA:178,1
DA:181,0
LF:68
LH:12
end_of_record
SF:lib\game\components\abilities\abilities_imp\danno_ad_area_abilita.dart
DA:23,0
DA:24,0
DA:26,0
DA:27,0
DA:31,0
DA:34,0
DA:37,0
DA:38,0
DA:39,0
DA:43,0
DA:44,0
DA:45,0
DA:48,0
DA:49,0
DA:52,0
DA:53,0
DA:57,0
DA:59,0
DA:62,0
DA:64,0
DA:65,0
DA:67,0
DA:68,0
DA:69,0
DA:71,0
DA:72,0
DA:73,0
DA:74,0
DA:78,0
DA:79,0
DA:80,0
DA:81,0
DA:82,0
LF:33
LH:0
end_of_record
SF:lib\game\components\bullet\types\splash_bullet.dart
DA:8,0
DA:9,0
DA:11,0
DA:14,0
DA:17,0
DA:18,0
DA:20,0
DA:22,0
DA:24,0
DA:26,0
DA:27,0
LF:11
LH:0
end_of_record
SF:lib\game\components\abilities\abilities_imp\miele_abilita.dart
DA:14,0
DA:28,0
DA:30,0
DA:31,0
DA:33,0
DA:35,0
DA:36,0
DA:40,0
DA:43,0
DA:46,0
DA:47,0
DA:48,0
DA:52,0
DA:53,0
DA:54,0
DA:57,0
DA:58,0
DA:61,0
DA:62,0
DA:66,0
DA:69,0
DA:70,0
DA:73,0
DA:74,0
DA:77,0
DA:79,0
DA:80,0
DA:82,0
DA:84,0
DA:85,0
DA:86,0
DA:87,0
DA:91,0
DA:92,0
DA:93,0
DA:94,0
DA:95,0
LF:37
LH:0
end_of_record
SF:lib\game\components\bullet\types\miele_bullet.dart
DA:13,0
DA:19,0
DA:21,0
DA:24,0
DA:27,0
DA:29,0
DA:30,0
DA:32,0
DA:33,0
DA:36,0
DA:38,0
DA:39,0
DA:40,0
DA:41,0
DA:42,0
DA:47,0
DA:48,0
DA:52,0
DA:53,0
DA:55,0
DA:56,0
DA:60,0
DA:62,0
DA:64,0
LF:24
LH:0
end_of_record
SF:lib\game\components\abilities\abilities_imp\palla_di_fango_abilita.dart
DA:31,0
DA:32,0
DA:34,0
DA:35,0
DA:37,0
DA:39,0
DA:40,0
DA:44,0
DA:47,0
DA:50,0
DA:51,0
DA:52,0
DA:56,0
DA:57,0
DA:58,0
DA:61,0
DA:62,0
DA:65,0
DA:66,0
DA:70,0
DA:73,0
DA:74,0
DA:77,0
DA:79,0
DA:80,0
DA:82,0
DA:84,0
DA:85,0
DA:86,0
DA:87,0
DA:103,0
DA:104,0
DA:105,0
DA:108,0
DA:110,0
DA:111,0
DA:112,0
DA:115,0
DA:116,0
DA:117,0
DA:120,0
DA:122,0
DA:123,0
DA:125,0
DA:129,0
DA:131,0
DA:133,0
DA:134,0
DA:138,0
DA:139,0
DA:141,0
DA:142,0
DA:144,0
DA:145,0
DA:149,0
DA:152,0
DA:154,0
DA:155,0
DA:156,0
LF:59
LH:0
end_of_record
SF:lib\game\components\enemy\baseEnemy.dart
DA:35,1
DA:44,2
DA:45,1
DA:46,3
DA:47,1
DA:50,0
DA:53,0
DA:54,0
DA:55,0
DA:59,0
DA:61,0
DA:62,0
DA:63,0
DA:64,0
DA:66,0
DA:67,0
DA:70,0
DA:72,0
DA:76,0
DA:78,0
DA:80,0
DA:81,0
DA:83,0
DA:84,0
DA:87,0
DA:88,0
DA:91,0
DA:92,0
DA:93,0
DA:94,0
DA:96,0
DA:98,0
DA:99,0
DA:100,0
DA:102,0
DA:103,0
DA:107,0
DA:108,0
DA:110,0
DA:111,0
DA:113,0
DA:114,0
DA:117,0
DA:120,0
DA:121,0
DA:122,0
DA:123,0
DA:124,0
DA:128,0
DA:129,0
DA:130,0
DA:131,0
DA:132,0
DA:133,0
DA:137,0
DA:139,0
DA:140,0
DA:146,0
DA:147,0
DA:148,0
DA:149,0
DA:151,0
DA:152,0
DA:154,0
DA:155,0
DA:156,0
DA:157,0
DA:158,0
DA:159,0
DA:165,0
DA:167,0
DA:168,0
DA:169,0
DA:170,0
DA:172,0
DA:174,0
DA:175,0
DA:179,0
DA:180,0
DA:181,0
DA:182,0
DA:188,0
DA:190,0
DA:191,0
DA:192,0
DA:194,0
DA:195,0
DA:197,0
LF:88
LH:5
end_of_record
SF:lib\game\components\pathComponent.dart
DA:7,0
DA:9,0
DA:12,0
DA:14,0
DA:15,0
DA:16,0
DA:17,0
DA:19,0
DA:20,0
DA:21,0
DA:22,0
LF:11
LH:0
end_of_record
SF:lib\game\components\abilities\abilities_imp\pungiglione_avvelenato_abilita.dart
DA:21,0
DA:23,0
DA:26,0
DA:28,0
DA:30,0
DA:33,0
DA:34,0
DA:35,0
DA:39,0
DA:40,0
DA:41,0
DA:44,0
DA:45,0
DA:49,0
DA:50,0
DA:51,0
DA:53,0
DA:54,0
DA:55,0
DA:56,0
DA:57,0
DA:61,0
DA:63,0
DA:66,0
DA:67,0
DA:68,0
LF:26
LH:0
end_of_record
SF:lib\game\components\bullet\types\pungiglione_bullet.dart
DA:9,0
DA:10,0
DA:12,0
DA:15,0
DA:16,0
DA:17,0
DA:18,0
DA:19,0
LF:8
LH:0
end_of_record
SF:lib\game\components\abilities\abilities_imp\tela_abilita.dart
DA:24,0
DA:26,0
DA:28,0
DA:29,0
DA:34,0
DA:36,0
DA:38,0
DA:41,0
DA:42,0
DA:43,0
DA:47,0
DA:48,0
DA:49,0
DA:52,0
DA:53,0
DA:56,0
DA:57,0
DA:61,0
DA:62,0
DA:63,0
DA:65,0
DA:66,0
DA:67,0
DA:69,0
DA:70,0
DA:71,0
DA:72,0
DA:76,0
DA:78,0
DA:81,0
DA:82,0
DA:83,0
DA:84,0
DA:85,0
LF:34
LH:0
end_of_record
SF:lib\game\components\bullet\types\web_bullet.dart
DA:10,0
DA:11,0
DA:13,0
DA:16,0
DA:17,0
DA:18,0
DA:19,0
DA:20,0
DA:22,0
DA:23,0
DA:24,0
LF:11
LH:0
end_of_record
SF:lib\game\components\bullet\base_bullet.dart
DA:18,1
DA:26,1
DA:27,4
DA:28,2
DA:31,0
DA:34,0
DA:35,0
DA:36,0
DA:40,0
DA:41,0
DA:43,0
DA:47,0
DA:49,0
DA:51,0
DA:52,0
DA:56,0
DA:57,0
DA:59,0
DA:60,0
DA:64,0
DA:66,0
DA:67,0
LF:22
LH:4
end_of_record
SF:lib\game\components\bullet\types\mud_bullet.dart
DA:5,0
DA:6,0
DA:8,0
DA:11,0
DA:12,0
DA:13,0
LF:6
LH:0
end_of_record
SF:lib\game\components\bullet\types\sonar_bullet.dart
DA:5,0
DA:6,0
DA:8,0
DA:11,0
DA:12,0
DA:13,0
LF:6
LH:0
end_of_record
SF:lib\game\components\bullet\types\standard_bullet.dart
DA:5,1
DA:6,2
DA:8,0
DA:11,0
DA:12,0
DA:13,0
LF:6
LH:2
end_of_record
SF:lib\game\components\enemy\types\armored_ant.dart
DA:5,0
DA:6,0
DA:12,0
DA:15,0
LF:4
LH:0
end_of_record
SF:lib\game\components\enemy\types\queen_ant.dart
DA:6,0
DA:7,0
DA:13,0
DA:15,0
LF:4
LH:0
end_of_record
SF:lib\game\components\enemy\types\turbo_ant.dart
DA:5,0
DA:6,0
DA:12,0
DA:15,0
LF:4
LH:0
end_of_record
SF:lib\game\components\enemy\types\queen_guard.dart
DA:5,0
DA:6,0
DA:12,0
DA:15,0
LF:4
LH:0
end_of_record
SF:lib\game\components\enemy\types\camo_ant.dart
DA:5,0
DA:6,0
DA:12,0
DA:15,0
LF:4
LH:0
end_of_record
SF:lib\menu\select_menu\level_progress.dart
DA:6,0
DA:7,0
DA:8,0
DA:11,0
DA:12,0
DA:13,0
DA:14,0
DA:15,0
DA:19,0
DA:20,0
DA:21,0
LF:11
LH:0
end_of_record
SF:lib\systems\level_manager.dart
DA:9,0
DA:11,0
DA:12,0
DA:13,0
DA:14,0
DA:15,0
DA:16,0
DA:18,0
DA:22,0
LF:9
LH:0
end_of_record
SF:lib\game\components\towers\range_circle_component.dart
DA:10,0
DA:13,0
DA:14,0
DA:18,0
DA:20,0
DA:22,0
DA:24,0
DA:25,0
DA:26,0
DA:27,0
DA:31,0
DA:32,0
DA:33,0
LF:13
LH:0
end_of_record
SF:lib\game\components\towers\types\bee.dart
DA:9,1
DA:10,1
DA:16,1
DA:22,1
DA:31,2
DA:34,0
DA:36,0
DA:39,0
DA:44,0
DA:46,0
DA:47,0
DA:48,0
DA:52,0
DA:54,0
DA:55,0
DA:56,0
DA:60,0
LF:17
LH:5
end_of_record
SF:lib\game\components\towers\types\black_widow.dart
DA:8,1
DA:9,1
DA:14,1
DA:21,1
DA:29,2
DA:32,0
DA:34,0
DA:37,0
DA:41,0
DA:43,0
DA:44,0
DA:45,0
DA:49,0
DA:54,0
LF:14
LH:5
end_of_record
SF:lib\game\components\towers\types\cricket.dart
DA:10,1
DA:11,1
DA:16,1
DA:25,1
DA:31,2
DA:34,0
DA:36,0
DA:39,0
DA:43,0
DA:45,0
DA:46,0
DA:47,0
DA:51,0
DA:53,0
DA:54,0
DA:55,0
DA:59,0
LF:17
LH:5
end_of_record
SF:lib\game\components\towers\types\stag_beetle.dart
DA:9,1
DA:10,1
DA:14,1
DA:22,1
DA:31,2
DA:34,0
DA:36,0
DA:39,0
DA:44,0
DA:46,0
DA:47,0
DA:48,0
DA:52,0
DA:57,0
LF:14
LH:5
end_of_record
SF:lib\game\levels\level.dart
DA:9,0
LF:1
LH:0
end_of_record
SF:lib\game\microworld_game.dart
DA:25,0
DA:26,0
DA:27,0
DA:30,0
DA:31,0
DA:32,0
DA:35,0
DA:36,0
DA:37,0
DA:39,0
DA:40,0
DA:43,0
DA:44,0
DA:46,0
DA:49,0
DA:51,0
DA:52,0
DA:54,0
DA:55,0
DA:57,0
DA:59,0
DA:60,0
DA:63,0
DA:65,0
DA:67,0
DA:68,0
DA:69,0
DA:72,0
DA:73,0
DA:74,0
DA:76,0
DA:80,0
DA:82,0
DA:83,0
DA:84,0
DA:85,0
DA:87,0
DA:90,0
DA:92,0
DA:94,0
DA:95,0
DA:96,0
DA:97,0
DA:98,0
DA:99,0
DA:101,0
DA:102,0
DA:103,0
DA:106,0
DA:107,0
DA:109,0
DA:110,0
DA:113,0
DA:114,0
DA:116,0
DA:117,0
DA:121,0
LF:57
LH:0
end_of_record
SF:lib\game\levels\first_level.dart
DA:11,0
DA:12,0
DA:13,0
DA:14,0
DA:15,0
DA:16,0
DA:17,0
DA:18,0
DA:19,0
DA:22,0
DA:23,0
DA:24,0
DA:25,0
DA:26,0
DA:27,0
DA:28,0
DA:29,0
DA:30,0
DA:31,0
DA:32,0
DA:33,0
DA:37,0
DA:38,0
DA:39,0
DA:41,0
LF:25
LH:0
end_of_record
SF:lib\game\levels\second_level.dart
DA:14,0
DA:15,0
DA:16,0
DA:17,0
DA:18,0
DA:19,0
DA:20,0
DA:21,0
DA:22,0
DA:23,0
DA:24,0
DA:25,0
DA:26,0
DA:27,0
DA:28,0
DA:31,0
DA:32,0
DA:33,0
DA:34,0
DA:35,0
DA:36,0
DA:37,0
DA:38,0
DA:39,0
DA:40,0
DA:41,0
DA:42,0
DA:45,0
DA:46,0
DA:47,0
DA:49,0
LF:31
LH:0
end_of_record
SF:lib\game\levels\third_level.dart
DA:13,0
DA:14,0
DA:15,0
DA:16,0
DA:17,0
DA:18,0
DA:19,0
DA:20,0
DA:21,0
DA:22,0
DA:23,0
DA:24,0
DA:25,0
DA:26,0
DA:29,0
DA:30,0
DA:31,0
DA:32,0
DA:33,0
DA:34,0
DA:35,0
DA:36,0
DA:37,0
DA:38,0
DA:39,0
DA:40,0
DA:41,0
DA:42,0
DA:43,0
DA:44,0
DA:47,0
DA:48,0
DA:49,0
DA:51,0
LF:34
LH:0
end_of_record
SF:lib\systems\tower_upgrade.dart
DA:14,0
DA:16,0
DA:18,0
DA:21,0
DA:22,0
DA:25,0
DA:27,0
DA:29,0
DA:31,0
DA:33,0
DA:36,0
DA:38,0
DA:39,0
DA:42,0
DA:44,0
DA:45,0
DA:48,0
DA:50,0
DA:51,0
DA:58,0
DA:60,0
DA:61,0
DA:64,0
DA:65,0
LF:24
LH:0
end_of_record
SF:lib\ui\tower_panel_component.dart
DA:15,1
DA:17,1
DA:18,1
DA:30,2
DA:32,1
DA:34,1
DA:35,2
DA:36,0
DA:37,0
DA:38,0
DA:39,0
DA:40,0
DA:41,0
DA:47,1
DA:49,2
DA:50,1
DA:53,1
DA:55,2
DA:56,2
DA:57,2
DA:59,2
DA:61,1
DA:62,3
DA:63,1
DA:72,1
DA:73,1
DA:75,1
DA:76,2
DA:77,1
DA:79,2
DA:83,1
DA:85,1
DA:86,3
DA:88,3
DA:90,3
DA:92,3
DA:96,1
DA:97,1
DA:105,1
DA:106,2
DA:107,1
DA:108,1
DA:109,1
DA:111,1
DA:112,1
DA:115,1
DA:116,1
DA:117,0
DA:118,1
DA:121,1
DA:122,3
DA:127,1
DA:130,3
DA:132,2
DA:134,1
DA:135,1
DA:137,0
DA:138,0
DA:140,0
DA:141,0
DA:143,0
DA:144,0
DA:147,0
DA:149,2
DA:150,3
DA:151,3
DA:152,0
DA:159,1
DA:161,1
DA:162,1
DA:163,1
DA:165,1
DA:166,1
DA:167,1
DA:174,1
DA:175,3
DA:185,1
DA:186,1
DA:190,0
DA:191,0
DA:192,0
DA:197,1
DA:199,0
DA:200,0
LF:84
LH:64
end_of_record
SF:lib\ui\tower_panel_upgrade_component.dart
DA:11,0
DA:13,0
DA:14,0
DA:22,0
DA:24,0
DA:25,0
DA:26,0
DA:30,0
DA:32,0
DA:33,0
DA:34,0
DA:37,0
DA:39,0
DA:40,0
DA:41,0
DA:42,0
DA:43,0
DA:44,0
DA:49,0
DA:51,0
DA:52,0
DA:53,0
DA:55,0
DA:56,0
DA:57,0
DA:59,0
DA:61,0
DA:62,0
DA:64,0
DA:65,0
DA:71,0
DA:73,0
DA:74,0
DA:75,0
DA:78,0
DA:80,0
DA:82,0
DA:83,0
DA:84,0
DA:85,0
DA:86,0
DA:91,0
DA:92,0
DA:94,0
DA:95,0
DA:97,0
DA:99,0
DA:104,0
DA:105,0
DA:107,0
DA:108,0
DA:109,0
DA:110,0
DA:114,0
DA:115,0
DA:117,0
DA:118,0
DA:122,0
DA:124,0
DA:125,0
DA:126,0
DA:129,0
DA:130,0
DA:141,0
DA:143,0
DA:145,0
DA:147,0
DA:148,0
DA:149,0
DA:156,0
DA:157,0
DA:158,0
DA:167,0
DA:168,0
DA:170,0
DA:172,0
DA:173,0
DA:174,0
DA:175,0
DA:176,0
DA:178,0
DA:182,0
DA:185,0
DA:188,0
DA:189,0
DA:194,0
DA:196,0
DA:214,0
DA:216,0
DA:217,0
DA:218,0
DA:220,0
DA:223,0
DA:226,0
DA:228,0
DA:229,0
DA:231,0
DA:232,0
DA:241,0
DA:242,0
DA:254,0
DA:255,0
LF:102
LH:0
end_of_record
SF:lib\game\player.dart
DA:9,2
DA:10,1
DA:12,7
DA:15,1
DA:17,1
DA:20,0
DA:22,0
LF:7
LH:5
end_of_record
